<?xml version="1.0" encoding="UTF-8"?>
<testng-results skipped="0" failed="0" total="1" passed="1">
  <reporter-output>
  </reporter-output>
  <suite name="Suite" duration-ms="43901" started-at="2019-04-26T06:41:39Z" finished-at="2019-04-26T06:42:23Z">
    <groups>
    </groups>
    <test name="Test" duration-ms="43901" started-at="2019-04-26T06:41:39Z" finished-at="2019-04-26T06:42:23Z">
      <class name="demo1.Prg1">
        <test-method status="PASS" signature="m1()[pri:0, instance:demo1.Prg1@32d992b2]" name="m1" duration-ms="43849" started-at="2019-04-26T12:11:39Z" finished-at="2019-04-26T12:12:23Z">
          <reporter-output>
          </reporter-output>
        </test-method> <!-- m1 -->
      </class> <!-- demo1.Prg1 -->
    </test> <!-- Test -->
  </suite> <!-- Suite -->
</testng-results>
